<?xml version="1.0" encoding="UTF-8"?>
<!-- Generated by org.testng.reporters.JUnitReportReporter -->
<testsuite hostname="Hassaan" failures="0" tests="2" name="Tests.TestVeeDoc_SessionHistory" time="81.994" errors="0" timestamp="2022-08-05T16:00:22 PKT" skipped="0">
  <testcase classname="Tests.TestVeeDoc_SessionHistory" name="Veedoc_ConnectEndpoint" time="68.155"/>
  <system-out/>
  <testcase classname="Tests.TestVeeDoc_SessionHistory" name="Veedoc_SessionHistory" time="13.839"/>
  <system-out/>
</testsuite> <!-- Tests.TestVeeDoc_SessionHistory -->
