<?xml version="1.0" encoding="UTF-8"?>
<!-- Generated by org.testng.reporters.JUnitReportReporter -->
<testsuite hostname="DESKTOP-KJ5BE7L" failures="0" tests="1" name="Tests.BaseClass" time="0.010" errors="0" timestamp="2022-03-02T11:02:51 PKT" skipped="0">
  <testcase classname="Tests.BaseClass" name="test" time="0.010"/>
  <system-out/>
</testsuite> <!-- Tests.BaseClass -->
