<?xml version="1.0" encoding="UTF-8"?>
<!-- Generated by org.testng.reporters.JUnitReportReporter -->
<testsuite hostname="Hassaan" failures="0" tests="2" name="Tests.TestVeeDoc_ChangePassword" time="36.196" errors="0" timestamp="2022-08-05T16:00:22 PKT" skipped="0">
  <testcase classname="Tests.TestVeeDoc_ChangePassword" name="Veedoc_ChangeOldPassword" time="15.611"/>
  <system-out/>
  <testcase classname="Tests.TestVeeDoc_ChangePassword" name="Veedoc_ChangeNewPassword" time="20.585"/>
  <system-out/>
</testsuite> <!-- Tests.TestVeeDoc_ChangePassword -->
