<?xml version="1.0" encoding="UTF-8"?>
<!-- Generated by org.testng.reporters.JUnitReportReporter -->
<testsuite hostname="Hassaan" failures="0" tests="1" name="Tests.TestVeeDoc_ProfileUpdate" time="83.570" errors="0" timestamp="2022-08-05T16:00:22 PKT" skipped="0">
  <testcase classname="Tests.TestVeeDoc_ProfileUpdate" name="Veedoc_ProfileUpdate" time="83.570"/>
  <system-out/>
</testsuite> <!-- Tests.TestVeeDoc_ProfileUpdate -->
