<?xml version="1.0" encoding="UTF-8"?>
<!-- Generated by org.testng.reporters.JUnitReportReporter -->
<testsuite hostname="Hassaan" failures="0" tests="2" name="Tests.TestVeeDoc_GroupSessions" time="52.396" errors="0" timestamp="2022-08-05T16:00:22 PKT" skipped="0">
  <testcase classname="Tests.TestVeeDoc_GroupSessions" name="Veedoc_AddGroupAppointment" time="44.317"/>
  <system-out/>
  <testcase classname="Tests.TestVeeDoc_GroupSessions" name="Veedoc_DeleteGroupAppointment" time="8.079"/>
  <system-out/>
</testsuite> <!-- Tests.TestVeeDoc_GroupSessions -->
