<?xml version="1.0" encoding="UTF-8"?>
<!-- Generated by org.testng.reporters.JUnitReportReporter -->
<testsuite hostname="Hassaan" failures="0" tests="2" name="Tests.TestVeeDoc_SearchAppointment" time="56.629" errors="0" timestamp="2022-08-05T16:00:22 PKT" skipped="0">
  <testcase classname="Tests.TestVeeDoc_SearchAppointment" name="Veedoc_QuickAppointment" time="37.573"/>
  <system-out/>
  <testcase classname="Tests.TestVeeDoc_SearchAppointment" name="VeeDoc_SearchAppointment" time="19.056"/>
  <system-out/>
</testsuite> <!-- Tests.TestVeeDoc_SearchAppointment -->
