<?xml version="1.0" encoding="UTF-8"?>
<!-- Generated by org.testng.reporters.JUnitReportReporter -->
<testsuite hostname="Hassaan" failures="0" tests="1" name="Tests.TestVeeDoc_InpatientSchedule" time="18.862" errors="0" timestamp="2022-08-05T16:00:22 PKT" skipped="0">
  <testcase classname="Tests.TestVeeDoc_InpatientSchedule" name="Veedoc_InpatientTab" time="18.862"/>
  <system-out/>
</testsuite> <!-- Tests.TestVeeDoc_InpatientSchedule -->
