<?xml version="1.0" encoding="UTF-8"?>
<!-- Generated by org.testng.reporters.JUnitReportReporter -->
<testsuite hostname="Hassaan" failures="0" tests="1" name="Tests.TestVeeDoc_Schedule" time="29.790" errors="0" timestamp="2022-08-05T16:00:22 PKT" skipped="0">
  <testcase classname="Tests.TestVeeDoc_Schedule" name="Veedoc_DayOff" time="29.790"/>
  <system-out/>
</testsuite> <!-- Tests.TestVeeDoc_Schedule -->
