<?xml version="1.0" encoding="UTF-8"?>
<!-- Generated by org.testng.reporters.JUnitReportReporter -->
<testsuite hostname="Hassaan" failures="0" tests="3" name="Tests.TestVeeDoc_EndPointSession" time="230.215" errors="0" timestamp="2022-08-05T16:00:22 PKT" skipped="0">
  <testcase classname="Tests.TestVeeDoc_EndPointSession" name="Veedoc_OfflineEndpointFavourite" time="36.986"/>
  <system-out/>
  <testcase classname="Tests.TestVeeDoc_EndPointSession" name="Veedoc_ConnectEndpoint" time="94.244"/>
  <system-out/>
  <testcase classname="Tests.TestVeeDoc_EndPointSession" name="Veedoc_BusyEndpoint" time="98.985"/>
  <system-out/>
</testsuite> <!-- Tests.TestVeeDoc_EndPointSession -->
